[0m[[0m[0mdebug[0m] [0m[0m> Exec(update, None, None)[0m
[0m[[0m[0mdebug[0m] [0m[0mEvaluating tasks: domainJS / update, alerts / update, feed / update, snapshots / update, lib / update, domainJVM / update, tracing / update, processor / update, ws / update, core / update, forecasts / update, demo / update, update[0m
[0m[[0m[0mdebug[0m] [0m[0mRunning task... Cancel: Signal, check cycles: false, forcegc: true[0m
[0m[[0m[33mwarn[0m] [0m[0mfound version conflict(s) in library dependencies; some are suspected to be binary incompatible:[0m
[0m[[0m[33mwarn[0m] [0m[0m	* org.http4s:http4s-core_3:1.0.0-M41 (early-semver) is selected over 1.0.0-M38[0m
[0m[[0m[33mwarn[0m] [0m[0m	    +- org.http4s:http4s-server_3:1.0.0-M41               (depends on 1.0.0-M41)[0m
[0m[[0m[33mwarn[0m] [0m[0m	    +- org.http4s:http4s-dsl_3:1.0.0-M41                  (depends on 1.0.0-M41)[0m
[0m[[0m[33mwarn[0m] [0m[0m	    +- org.http4s:http4s-ember-core_3:1.0.0-M41           (depends on 1.0.0-M41)[0m
[0m[[0m[33mwarn[0m] [0m[0m	    +- org.http4s:http4s-prometheus-metrics_3:1.0.0-M38   (depends on 1.0.0-M38)[0m
[0m[[0m[33mwarn[0m] [0m[0mfound version conflict(s) in library dependencies; some are suspected to be binary incompatible:[0m
[0m[[0m[33mwarn[0m] [0m[0m	* org.http4s:http4s-core_3:1.0.0-M41 (early-semver) is selected over 1.0.0-M38[0m
[0m[[0m[33mwarn[0m] [0m[0m	    +- org.http4s:http4s-server_3:1.0.0-M41               (depends on 1.0.0-M41)[0m
[0m[[0m[33mwarn[0m] [0m[0m	    +- org.http4s:http4s-dsl_3:1.0.0-M41                  (depends on 1.0.0-M41)[0m
[0m[[0m[33mwarn[0m] [0m[0m	    +- org.http4s:http4s-ember-core_3:1.0.0-M41           (depends on 1.0.0-M41)[0m
[0m[[0m[33mwarn[0m] [0m[0m	    +- org.http4s:http4s-prometheus-metrics_3:1.0.0-M38   (depends on 1.0.0-M38)[0m
[0m[[0m[33mwarn[0m] [0m[0mfound version conflict(s) in library dependencies; some are suspected to be binary incompatible:[0m
[0m[[0m[33mwarn[0m] [0m[0m	* org.http4s:http4s-core_3:1.0.0-M41 (early-semver) is selected over 1.0.0-M38[0m
[0m[[0m[33mwarn[0m] [0m[0m	    +- org.http4s:http4s-server_3:1.0.0-M41               (depends on 1.0.0-M41)[0m
[0m[[0m[33mwarn[0m] [0m[0m	    +- org.http4s:http4s-dsl_3:1.0.0-M41                  (depends on 1.0.0-M41)[0m
[0m[[0m[33mwarn[0m] [0m[0m	    +- org.http4s:http4s-ember-core_3:1.0.0-M41           (depends on 1.0.0-M41)[0m
[0m[[0m[33mwarn[0m] [0m[0m	    +- org.http4s:http4s-prometheus-metrics_3:1.0.0-M38   (depends on 1.0.0-M38)[0m
[0m[[0m[33mwarn[0m] [0m[0mfound version conflict(s) in library dependencies; some are suspected to be binary incompatible:[0m
[0m[[0m[33mwarn[0m] [0m[0m	* org.http4s:http4s-core_3:1.0.0-M41 (early-semver) is selected over 1.0.0-M38[0m
[0m[[0m[33mwarn[0m] [0m[0m	    +- org.http4s:http4s-server_3:1.0.0-M41               (depends on 1.0.0-M41)[0m
[0m[[0m[33mwarn[0m] [0m[0m	    +- org.http4s:http4s-dsl_3:1.0.0-M41                  (depends on 1.0.0-M41)[0m
[0m[[0m[33mwarn[0m] [0m[0m	    +- org.http4s:http4s-ember-core_3:1.0.0-M41           (depends on 1.0.0-M41)[0m
[0m[[0m[33mwarn[0m] [0m[0m	    +- org.http4s:http4s-prometheus-metrics_3:1.0.0-M38   (depends on 1.0.0-M38)[0m
[0m[[0m[33mwarn[0m] [0m[0mfound version conflict(s) in library dependencies; some are suspected to be binary incompatible:[0m
[0m[[0m[33mwarn[0m] [0m[0m	* org.http4s:http4s-core_3:1.0.0-M41 (early-semver) is selected over 1.0.0-M38[0m
[0m[[0m[33mwarn[0m] [0m[0m	    +- org.http4s:http4s-server_3:1.0.0-M41               (depends on 1.0.0-M41)[0m
[0m[[0m[33mwarn[0m] [0m[0m	    +- org.http4s:http4s-dsl_3:1.0.0-M41                  (depends on 1.0.0-M41)[0m
[0m[[0m[33mwarn[0m] [0m[0m	    +- org.http4s:http4s-circe_3:1.0.0-M41                (depends on 1.0.0-M41)[0m
[0m[[0m[33mwarn[0m] [0m[0m	    +- org.http4s:http4s-ember-core_3:1.0.0-M41           (depends on 1.0.0-M41)[0m
[0m[[0m[33mwarn[0m] [0m[0m	    +- org.http4s:http4s-jawn_3:1.0.0-M41                 (depends on 1.0.0-M41)[0m
[0m[[0m[33mwarn[0m] [0m[0m	    +- org.http4s:http4s-prometheus-metrics_3:1.0.0-M38   (depends on 1.0.0-M38)[0m
[0m[[0m[33mwarn[0m] [0m[0mfound version conflict(s) in library dependencies; some are suspected to be binary incompatible:[0m
[0m[[0m[33mwarn[0m] [0m[0m	* org.http4s:http4s-core_3:1.0.0-M41 (early-semver) is selected over 1.0.0-M38[0m
[0m[[0m[33mwarn[0m] [0m[0m	    +- org.http4s:http4s-server_3:1.0.0-M41               (depends on 1.0.0-M41)[0m
[0m[[0m[33mwarn[0m] [0m[0m	    +- org.http4s:http4s-dsl_3:1.0.0-M41                  (depends on 1.0.0-M41)[0m
[0m[[0m[33mwarn[0m] [0m[0m	    +- org.http4s:http4s-ember-core_3:1.0.0-M41           (depends on 1.0.0-M41)[0m
[0m[[0m[33mwarn[0m] [0m[0m	    +- org.http4s:http4s-prometheus-metrics_3:1.0.0-M38   (depends on 1.0.0-M38)[0m
[0m[[0m[33mwarn[0m] [0m[0mfound version conflict(s) in library dependencies; some are suspected to be binary incompatible:[0m
[0m[[0m[33mwarn[0m] [0m[0m	* org.http4s:http4s-core_3:1.0.0-M41 (early-semver) is selected over 1.0.0-M38[0m
[0m[[0m[33mwarn[0m] [0m[0m	    +- org.http4s:http4s-server_3:1.0.0-M41               (depends on 1.0.0-M41)[0m
[0m[[0m[33mwarn[0m] [0m[0m	    +- org.http4s:http4s-dsl_3:1.0.0-M41                  (depends on 1.0.0-M41)[0m
[0m[[0m[33mwarn[0m] [0m[0m	    +- org.http4s:http4s-circe_3:1.0.0-M41                (depends on 1.0.0-M41)[0m
[0m[[0m[33mwarn[0m] [0m[0m	    +- org.http4s:http4s-ember-core_3:1.0.0-M41           (depends on 1.0.0-M41)[0m
[0m[[0m[33mwarn[0m] [0m[0m	    +- org.http4s:http4s-jawn_3:1.0.0-M41                 (depends on 1.0.0-M41)[0m
[0m[[0m[33mwarn[0m] [0m[0m	    +- org.http4s:http4s-prometheus-metrics_3:1.0.0-M38   (depends on 1.0.0-M38)[0m
[0m[[0m[33mwarn[0m] [0m[0mfound version conflict(s) in library dependencies; some are suspected to be binary incompatible:[0m
[0m[[0m[33mwarn[0m] [0m[0m	* org.http4s:http4s-core_3:1.0.0-M41 (early-semver) is selected over 1.0.0-M38[0m
[0m[[0m[33mwarn[0m] [0m[0m	    +- org.http4s:http4s-server_3:1.0.0-M41               (depends on 1.0.0-M41)[0m
[0m[[0m[33mwarn[0m] [0m[0m	    +- org.http4s:http4s-dsl_3:1.0.0-M41                  (depends on 1.0.0-M41)[0m
[0m[[0m[33mwarn[0m] [0m[0m	    +- org.http4s:http4s-ember-core_3:1.0.0-M41           (depends on 1.0.0-M41)[0m
[0m[[0m[33mwarn[0m] [0m[0m	    +- org.http4s:http4s-prometheus-metrics_3:1.0.0-M38   (depends on 1.0.0-M38)[0m
[0m[[0m[33mwarn[0m] [0m[0mfound version conflict(s) in library dependencies; some are suspected to be binary incompatible:[0m
[0m[[0m[33mwarn[0m] [0m[0m	* org.http4s:http4s-core_3:1.0.0-M41 (early-semver) is selected over 1.0.0-M38[0m
[0m[[0m[33mwarn[0m] [0m[0m	    +- org.http4s:http4s-server_3:1.0.0-M41               (depends on 1.0.0-M41)[0m
[0m[[0m[33mwarn[0m] [0m[0m	    +- org.http4s:http4s-dsl_3:1.0.0-M41                  (depends on 1.0.0-M41)[0m
[0m[[0m[33mwarn[0m] [0m[0m	    +- org.http4s:http4s-ember-core_3:1.0.0-M41           (depends on 1.0.0-M41)[0m
[0m[[0m[33mwarn[0m] [0m[0m	    +- org.http4s:http4s-prometheus-metrics_3:1.0.0-M38   (depends on 1.0.0-M38)[0m
[0m[[0m[33mwarn[0m] [0m[0mfound version conflict(s) in library dependencies; some are suspected to be binary incompatible:[0m
[0m[[0m[33mwarn[0m] [0m[0m	* org.http4s:http4s-core_3:1.0.0-M41 (early-semver) is selected over 1.0.0-M38[0m
[0m[[0m[33mwarn[0m] [0m[0m	    +- org.http4s:http4s-server_3:1.0.0-M41               (depends on 1.0.0-M41)[0m
[0m[[0m[33mwarn[0m] [0m[0m	    +- org.http4s:http4s-dsl_3:1.0.0-M41                  (depends on 1.0.0-M41)[0m
[0m[[0m[33mwarn[0m] [0m[0m	    +- org.http4s:http4s-ember-core_3:1.0.0-M41           (depends on 1.0.0-M41)[0m
[0m[[0m[33mwarn[0m] [0m[0m	    +- org.http4s:http4s-prometheus-metrics_3:1.0.0-M38   (depends on 1.0.0-M38)[0m
[0m[[0m[33mwarn[0m] [0m[0mfound version conflict(s) in library dependencies; some are suspected to be binary incompatible:[0m
[0m[[0m[33mwarn[0m] [0m[0m	* org.http4s:http4s-server_3:1.0.0-M41 (early-semver) is selected over 0.23.17[0m
[0m[[0m[33mwarn[0m] [0m[0m	    +- org.http4s:http4s-ember-server_3:1.0.0-M41         (depends on 1.0.0-M41)[0m
[0m[[0m[33mwarn[0m] [0m[0m	    +- org.tpolecat:natchez-http4s_3:0.5.0                (depends on 0.23.17)[0m
[0m[[0m[33mwarn[0m] [0m[0m	* org.http4s:http4s-core_3:1.0.0-M41 (early-semver) is selected over {0.23.17, 1.0.0-M38}[0m
[0m[[0m[33mwarn[0m] [0m[0m	    +- org.http4s:http4s-server_3:1.0.0-M41               (depends on 1.0.0-M41)[0m
[0m[[0m[33mwarn[0m] [0m[0m	    +- org.http4s:http4s-dsl_3:1.0.0-M41                  (depends on 1.0.0-M41)[0m
[0m[[0m[33mwarn[0m] [0m[0m	    +- org.http4s:http4s-circe_3:1.0.0-M41                (depends on 1.0.0-M41)[0m
[0m[[0m[33mwarn[0m] [0m[0m	    +- org.http4s:http4s-ember-core_3:1.0.0-M41           (depends on 1.0.0-M41)[0m
[0m[[0m[33mwarn[0m] [0m[0m	    +- org.http4s:http4s-jawn_3:1.0.0-M41                 (depends on 1.0.0-M41)[0m
[0m[[0m[33mwarn[0m] [0m[0m	    +- org.tpolecat:natchez-http4s_3:0.5.0                (depends on 0.23.17)[0m
[0m[[0m[33mwarn[0m] [0m[0m	    +- org.http4s:http4s-prometheus-metrics_3:1.0.0-M38   (depends on 1.0.0-M38)[0m
[0m[[0m[33mwarn[0m] [0m[0m	    +- org.http4s:http4s-client_3:0.23.17                 (depends on 0.23.17)[0m
[0m[[0m[32msuccess[0m] [0m[0mTotal time: 8 s, completed Aug 23, 2024, 3:45:56 PM[0m
[0m[[0m[0mdebug[0m] [0m[0m> Exec(idea-shell, None, None)[0m
