[0m[[0m[0mdebug[0m] [0m[0m> Exec(all {file:/home/shah/IdeaProjects/trading/}catalogue/products {file:/home/shah/IdeaProjects/trading/}catalogue/test:products, None, None)[0m
[0m[[0m[0mdebug[0m] [0m[0mEvaluating tasks: Compile / products, Test / products[0m
[0m[[0m[0mdebug[0m] [0m[0mRunning task... Cancel: Signal, check cycles: false, forcegc: true[0m
[0m[[0m[0minfo[0m] [0m[0mcompiling 3 Scala sources to /home/shah/IdeaProjects/trading/modules/catalogue/target/scala-3.4.1/classes ...[0m
[0m[[0m[31merror[0m] [0m[0m[31m[31m-- [E007] Type Mismatch Error: /home/shah/IdeaProjects/trading/modules/catalogue/src/main/scala/retails/catalogue/domain/product.scala:46:20 [0m[0m[0m
[0m[[0m[31merror[0m] [0m[0m[31m46 |[0m      ID.unsafeFrom(title), [0m
[0m[[0m[31merror[0m] [0m[0m[31m[31m   |[0m                    ^^^^^[0m[0m
[0m[[0m[31merror[0m] [0m[0m[31m   |[0mFound:    (ProductReq.this.title : retails.catalogue.domain.product.Title)[0m
[0m[[0m[31merror[0m] [0m[0m[31m   |[0mRequired: String[0m
[0m[[0m[31merror[0m] [0m[0m[31m   |[0m[0m
[0m[[0m[31merror[0m] [0m[0m[31m   |[0m longer explanation available when compiling with `-explain`[0m
[0m[[0m[31merror[0m] [0m[0m[31m[31m-- [E007] Type Mismatch Error: /home/shah/IdeaProjects/trading/modules/catalogue/src/main/scala/retails/catalogue/domain/product.scala:49:23 [0m[0m[0m
[0m[[0m[31merror[0m] [0m[0m[31m49 |[0m      Slug.unsafeApply(title))[0m
[0m[[0m[31merror[0m] [0m[0m[31m[31m   |[0m                       ^^^^^[0m[0m
[0m[[0m[31merror[0m] [0m[0m[31m   |[0mFound:    (ProductReq.this.title : retails.catalogue.domain.product.Title)[0m
[0m[[0m[31merror[0m] [0m[0m[31m   |[0mRequired: String[0m
[0m[[0m[31merror[0m] [0m[0m[31m   |[0m[0m
[0m[[0m[31merror[0m] [0m[0m[31m   |[0m longer explanation available when compiling with `-explain`[0m
[0m[[0m[31merror[0m] [0m[0m[31m[31m-- [E008] Not Found Error: /home/shah/IdeaProjects/trading/modules/catalogue/src/main/scala/retails/catalogue/routes/ProductRoutes.scala:19:13 [0m[0m[0m
[0m[[0m[31merror[0m] [0m[0m[31m19 |[0m      pt.req.decodeR[[35mProductReq[0m] { [36mpr[0m =>[0m
[0m[[0m[31merror[0m] [0m[0m[31m[31m   |[0m      ^^^^^^^^^^^^^^[0m[0m
[0m[[0m[31merror[0m] [0m[0m[31m   |[0mvalue decodeR is not a member of org.http4s.Request[F$1] - did you mean req.decode?[0m
[0m[[0m[31merror[0m] [0m[0m[31m   |[0m[0m
[0m[[0m[31merror[0m] [0m[0m[31m   |[0mwhere:    F$1 is a type in an anonymous function in [33mclass[0m [35mProductRoutes[0m with bounds <: [_] =>> Any[0m
[0m[[0m[31merror[0m] [0m[0mthree errors found[0m
[0m[[0m[0mdebug[0m] [0m[0mForcing garbage collection...[0m
[0m[[0m[31merror[0m] [0m[0m(Compile / [31mcompileIncremental[0m) Compilation failed[0m
[0m[[0m[31merror[0m] [0m[0mTotal time: 3 s, completed Sep 16, 2024, 9:53:45 AM[0m
[0m[[0m[0mdebug[0m] [0m[0m> Exec(idea-shell, None, None)[0m
